0 info it worked if it ends with ok
1 verbose cli [ 'C:\\Program Files\\nodejs\\node.exe',
1 verbose cli   'C:\\Users\\Eric\\AppData\\Roaming\\npm\\node_modules\\npm\\bin\\npm-cli.js',
1 verbose cli   'run',
1 verbose cli   'minify' ]
2 info using npm@3.10.9
3 info using node@v4.6.1
4 verbose run-script [ 'preminify', 'minify', 'postminify' ]
5 info lifecycle angular-seed@0.0.0~preminify: angular-seed@0.0.0
6 silly lifecycle angular-seed@0.0.0~preminify: no script for preminify, continuing
7 info lifecycle angular-seed@0.0.0~minify: angular-seed@0.0.0
8 verbose lifecycle angular-seed@0.0.0~minify: unsafe-perm in lifecycle true
9 verbose lifecycle angular-seed@0.0.0~minify: PATH: C:\Users\Eric\AppData\Roaming\npm\node_modules\npm\bin\node-gyp-bin;C:\Users\Eric\Documents\GitHub\weather\node_modules\.bin;C:\Users\Eric\bin;C:\Program Files\Git\mingw64\bin;C:\Program Files\Git\usr\local\bin;C:\Program Files\Git\usr\bin;C:\Program Files\Git\usr\bin;C:\Program Files\Git\mingw64\bin;C:\Program Files\Git\usr\bin;C:\Users\Eric\bin;C:\Program Files (x86)\Intel\iCLS Client;C:\Program Files\Intel\iCLS Client;C:\WINDOWS\system32;C:\WINDOWS;C:\WINDOWS\System32\Wbem;C:\WINDOWS\System32\WindowsPowerShell\v1.0;C:\Program Files\Intel\Intel(R) Management Engine Components\DAL;C:\Program Files\Intel\Intel(R) Management Engine Components\IPT;C:\Program Files (x86)\Intel\Intel(R) Management Engine Components\DAL;C:\Program Files (x86)\Intel\Intel(R) Management Engine Components\IPT;C:\Program Files (x86)\Intel\OpenCL SDK\2.0\bin\x86;C:\Program Files (x86)\Intel\OpenCL SDK\2.0\bin\x64;C:\Program Files (x86)\Calibre2;C:\Program Files\nodejs;C:\Program Files (x86)\Windows Kits\8.1\Windows Performance Toolkit;C:\Ruby23\bin;C:\Users\Eric\AppData\Local\Microsoft\WindowsApps;C:\Users\Eric\AppData\Roaming\npm;C:\Users\Eric\AppData\Local\atom\bin;C:\Program Files\Git\usr\bin\vendor_perl;C:\Program Files\Git\usr\bin\core_perl
10 verbose lifecycle angular-seed@0.0.0~minify: CWD: C:\Users\Eric\Documents\GitHub\weather
11 silly lifecycle angular-seed@0.0.0~minify: Args: [ '/d /s /c', 'cssnano < main.css > main.min.css' ]
12 silly lifecycle angular-seed@0.0.0~minify: Returned: code: 1  signal: null
13 info lifecycle angular-seed@0.0.0~minify: Failed to exec minify script
14 verbose stack Error: angular-seed@0.0.0 minify: `cssnano < main.css > main.min.css`
14 verbose stack Exit status 1
14 verbose stack     at EventEmitter.<anonymous> (C:\Users\Eric\AppData\Roaming\npm\node_modules\npm\lib\utils\lifecycle.js:255:16)
14 verbose stack     at emitTwo (events.js:87:13)
14 verbose stack     at EventEmitter.emit (events.js:172:7)
14 verbose stack     at ChildProcess.<anonymous> (C:\Users\Eric\AppData\Roaming\npm\node_modules\npm\lib\utils\spawn.js:40:14)
14 verbose stack     at emitTwo (events.js:87:13)
14 verbose stack     at ChildProcess.emit (events.js:172:7)
14 verbose stack     at maybeClose (internal/child_process.js:829:16)
14 verbose stack     at Process.ChildProcess._handle.onexit (internal/child_process.js:211:5)
15 verbose pkgid angular-seed@0.0.0
16 verbose cwd C:\Users\Eric\Documents\GitHub\weather\app\css
17 error Windows_NT 10.0.14393
18 error argv "C:\\Program Files\\nodejs\\node.exe" "C:\\Users\\Eric\\AppData\\Roaming\\npm\\node_modules\\npm\\bin\\npm-cli.js" "run" "minify"
19 error node v4.6.1
20 error npm  v3.10.9
21 error code ELIFECYCLE
22 error angular-seed@0.0.0 minify: `cssnano < main.css > main.min.css`
22 error Exit status 1
23 error Failed at the angular-seed@0.0.0 minify script 'cssnano < main.css > main.min.css'.
23 error Make sure you have the latest version of node.js and npm installed.
23 error If you do, this is most likely a problem with the angular-seed package,
23 error not with npm itself.
23 error Tell the author that this fails on your system:
23 error     cssnano < main.css > main.min.css
23 error You can get information on how to open an issue for this project with:
23 error     npm bugs angular-seed
23 error Or if that isn't available, you can get their info via:
23 error     npm owner ls angular-seed
23 error There is likely additional logging output above.
24 verbose exit [ 1, true ]
